[2018-07-30 12:02:07] local.ERROR: Not enough arguments (missing: "name"). {"exception":"[object] (Symfony\\Component\\Console\\Exception\\RuntimeException(code: 0): Not enough arguments (missing: \"name\"). at D:\\OpenServer\\OSPanel\\domains\\hierarchy.tree\\vendor\\symfony\\console\\Input\\Input.php:76)
[stacktrace]
#0 D:\\OpenServer\\OSPanel\\domains\\hierarchy.tree\\vendor\\symfony\\console\\Command\\Command.php(246): Symfony\\Component\\Console\\Input\\Input->validate()
#1 D:\\OpenServer\\OSPanel\\domains\\hierarchy.tree\\vendor\\laravel\\framework\\src\\Illuminate\\Console\\Command.php(171): Symfony\\Component\\Console\\Command\\Command->run(Object(Symfony\\Component\\Console\\Input\\ArgvInput), Object(Illuminate\\Console\\OutputStyle))
#2 D:\\OpenServer\\OSPanel\\domains\\hierarchy.tree\\vendor\\symfony\\console\\Application.php(886): Illuminate\\Console\\Command->run(Object(Symfony\\Component\\Console\\Input\\ArgvInput), Object(Symfony\\Component\\Console\\Output\\ConsoleOutput))
#3 D:\\OpenServer\\OSPanel\\domains\\hierarchy.tree\\vendor\\symfony\\console\\Application.php(262): Symfony\\Component\\Console\\Application->doRunCommand(Object(Illuminate\\Foundation\\Console\\ModelMakeCommand), Object(Symfony\\Component\\Console\\Input\\ArgvInput), Object(Symfony\\Component\\Console\\Output\\ConsoleOutput))
#4 D:\\OpenServer\\OSPanel\\domains\\hierarchy.tree\\vendor\\symfony\\console\\Application.php(145): Symfony\\Component\\Console\\Application->doRun(Object(Symfony\\Component\\Console\\Input\\ArgvInput), Object(Symfony\\Component\\Console\\Output\\ConsoleOutput))
#5 D:\\OpenServer\\OSPanel\\domains\\hierarchy.tree\\vendor\\laravel\\framework\\src\\Illuminate\\Console\\Application.php(89): Symfony\\Component\\Console\\Application->run(Object(Symfony\\Component\\Console\\Input\\ArgvInput), Object(Symfony\\Component\\Console\\Output\\ConsoleOutput))
#6 D:\\OpenServer\\OSPanel\\domains\\hierarchy.tree\\vendor\\laravel\\framework\\src\\Illuminate\\Foundation\\Console\\Kernel.php(122): Illuminate\\Console\\Application->run(Object(Symfony\\Component\\Console\\Input\\ArgvInput), Object(Symfony\\Component\\Console\\Output\\ConsoleOutput))
#7 D:\\OpenServer\\OSPanel\\domains\\hierarchy.tree\\artisan(37): Illuminate\\Foundation\\Console\\Kernel->handle(Object(Symfony\\Component\\Console\\Input\\ArgvInput), Object(Symfony\\Component\\Console\\Output\\ConsoleOutput))
#8 {main}
"} 
[2018-07-30 12:42:44] local.ERROR: SQLSTATE[HY000]: General error: 1215 Cannot add foreign key constraint (SQL: alter table `employees` add constraint `employees_position_id_foreign` foreign key (`position_id`) references `positions` (`id`)) {"exception":"[object] (Illuminate\\Database\\QueryException(code: HY000): SQLSTATE[HY000]: General error: 1215 Cannot add foreign key constraint (SQL: alter table `employees` add constraint `employees_position_id_foreign` foreign key (`position_id`) references `positions` (`id`)) at D:\\OpenServer\\OSPanel\\domains\\hierarchy.tree\\vendor\\laravel\\framework\\src\\Illuminate\\Database\\Connection.php:664, PDOException(code: HY000): SQLSTATE[HY000]: General error: 1215 Cannot add foreign key constraint at D:\\OpenServer\\OSPanel\\domains\\hierarchy.tree\\vendor\\laravel\\framework\\src\\Illuminate\\Database\\Connection.php:458)
[stacktrace]
#0 D:\\OpenServer\\OSPanel\\domains\\hierarchy.tree\\vendor\\laravel\\framework\\src\\Illuminate\\Database\\Connection.php(624): Illuminate\\Database\\Connection->runQueryCallback('alter table `em...', Array, Object(Closure))
#1 D:\\OpenServer\\OSPanel\\domains\\hierarchy.tree\\vendor\\laravel\\framework\\src\\Illuminate\\Database\\Connection.php(459): Illuminate\\Database\\Connection->run('alter table `em...', Array, Object(Closure))
#2 D:\\OpenServer\\OSPanel\\domains\\hierarchy.tree\\vendor\\laravel\\framework\\src\\Illuminate\\Database\\Schema\\Blueprint.php(88): Illuminate\\Database\\Connection->statement('alter table `em...')
#3 D:\\OpenServer\\OSPanel\\domains\\hierarchy.tree\\vendor\\laravel\\framework\\src\\Illuminate\\Database\\Schema\\Builder.php(264): Illuminate\\Database\\Schema\\Blueprint->build(Object(Illuminate\\Database\\MySqlConnection), Object(Illuminate\\Database\\Schema\\Grammars\\MySqlGrammar))
#4 D:\\OpenServer\\OSPanel\\domains\\hierarchy.tree\\vendor\\laravel\\framework\\src\\Illuminate\\Database\\Schema\\Builder.php(165): Illuminate\\Database\\Schema\\Builder->build(Object(Illuminate\\Database\\Schema\\Blueprint))
#5 D:\\OpenServer\\OSPanel\\domains\\hierarchy.tree\\vendor\\laravel\\framework\\src\\Illuminate\\Support\\Facades\\Facade.php(223): Illuminate\\Database\\Schema\\Builder->create('employees', Object(Closure))
#6 D:\\OpenServer\\OSPanel\\domains\\hierarchy.tree\\database\\migrations\\2018_07_30_120217_create_employees_table.php(27): Illuminate\\Support\\Facades\\Facade::__callStatic('create', Array)
#7 D:\\OpenServer\\OSPanel\\domains\\hierarchy.tree\\vendor\\laravel\\framework\\src\\Illuminate\\Database\\Migrations\\Migrator.php(359): CreateEmployeesTable->up()
#8 D:\\OpenServer\\OSPanel\\domains\\hierarchy.tree\\vendor\\laravel\\framework\\src\\Illuminate\\Database\\Migrations\\Migrator.php(366): Illuminate\\Database\\Migrations\\Migrator->Illuminate\\Database\\Migrations\\{closure}()
#9 D:\\OpenServer\\OSPanel\\domains\\hierarchy.tree\\vendor\\laravel\\framework\\src\\Illuminate\\Database\\Migrations\\Migrator.php(177): Illuminate\\Database\\Migrations\\Migrator->runMigration(Object(CreateEmployeesTable), 'up')
#10 D:\\OpenServer\\OSPanel\\domains\\hierarchy.tree\\vendor\\laravel\\framework\\src\\Illuminate\\Database\\Migrations\\Migrator.php(146): Illuminate\\Database\\Migrations\\Migrator->runUp('D:\\\\OpenServer\\\\O...', 1, false)
#11 D:\\OpenServer\\OSPanel\\domains\\hierarchy.tree\\vendor\\laravel\\framework\\src\\Illuminate\\Database\\Migrations\\Migrator.php(95): Illuminate\\Database\\Migrations\\Migrator->runPending(Array, Array)
#12 D:\\OpenServer\\OSPanel\\domains\\hierarchy.tree\\vendor\\laravel\\framework\\src\\Illuminate\\Database\\Console\\Migrations\\MigrateCommand.php(70): Illuminate\\Database\\Migrations\\Migrator->run(Array, Array)
#13 [internal function]: Illuminate\\Database\\Console\\Migrations\\MigrateCommand->handle()
#14 D:\\OpenServer\\OSPanel\\domains\\hierarchy.tree\\vendor\\laravel\\framework\\src\\Illuminate\\Container\\BoundMethod.php(29): call_user_func_array(Array, Array)
#15 D:\\OpenServer\\OSPanel\\domains\\hierarchy.tree\\vendor\\laravel\\framework\\src\\Illuminate\\Container\\BoundMethod.php(87): Illuminate\\Container\\BoundMethod::Illuminate\\Container\\{closure}()
#16 D:\\OpenServer\\OSPanel\\domains\\hierarchy.tree\\vendor\\laravel\\framework\\src\\Illuminate\\Container\\BoundMethod.php(31): Illuminate\\Container\\BoundMethod::callBoundMethod(Object(Illuminate\\Foundation\\Application), Array, Object(Closure))
#17 D:\\OpenServer\\OSPanel\\domains\\hierarchy.tree\\vendor\\laravel\\framework\\src\\Illuminate\\Container\\Container.php(564): Illuminate\\Container\\BoundMethod::call(Object(Illuminate\\Foundation\\Application), Array, Array, NULL)
#18 D:\\OpenServer\\OSPanel\\domains\\hierarchy.tree\\vendor\\laravel\\framework\\src\\Illuminate\\Console\\Command.php(184): Illuminate\\Container\\Container->call(Array)
#19 D:\\OpenServer\\OSPanel\\domains\\hierarchy.tree\\vendor\\symfony\\console\\Command\\Command.php(251): Illuminate\\Console\\Command->execute(Object(Symfony\\Component\\Console\\Input\\ArgvInput), Object(Illuminate\\Console\\OutputStyle))
#20 D:\\OpenServer\\OSPanel\\domains\\hierarchy.tree\\vendor\\laravel\\framework\\src\\Illuminate\\Console\\Command.php(171): Symfony\\Component\\Console\\Command\\Command->run(Object(Symfony\\Component\\Console\\Input\\ArgvInput), Object(Illuminate\\Console\\OutputStyle))
#21 D:\\OpenServer\\OSPanel\\domains\\hierarchy.tree\\vendor\\symfony\\console\\Application.php(886): Illuminate\\Console\\Command->run(Object(Symfony\\Component\\Console\\Input\\ArgvInput), Object(Symfony\\Component\\Console\\Output\\ConsoleOutput))
#22 D:\\OpenServer\\OSPanel\\domains\\hierarchy.tree\\vendor\\symfony\\console\\Application.php(262): Symfony\\Component\\Console\\Application->doRunCommand(Object(Illuminate\\Database\\Console\\Migrations\\MigrateCommand), Object(Symfony\\Component\\Console\\Input\\ArgvInput), Object(Symfony\\Component\\Console\\Output\\ConsoleOutput))
#23 D:\\OpenServer\\OSPanel\\domains\\hierarchy.tree\\vendor\\symfony\\console\\Application.php(145): Symfony\\Component\\Console\\Application->doRun(Object(Symfony\\Component\\Console\\Input\\ArgvInput), Object(Symfony\\Component\\Console\\Output\\ConsoleOutput))
#24 D:\\OpenServer\\OSPanel\\domains\\hierarchy.tree\\vendor\\laravel\\framework\\src\\Illuminate\\Console\\Application.php(89): Symfony\\Component\\Console\\Application->run(Object(Symfony\\Component\\Console\\Input\\ArgvInput), Object(Symfony\\Component\\Console\\Output\\ConsoleOutput))
#25 D:\\OpenServer\\OSPanel\\domains\\hierarchy.tree\\vendor\\laravel\\framework\\src\\Illuminate\\Foundation\\Console\\Kernel.php(122): Illuminate\\Console\\Application->run(Object(Symfony\\Component\\Console\\Input\\ArgvInput), Object(Symfony\\Component\\Console\\Output\\ConsoleOutput))
#26 D:\\OpenServer\\OSPanel\\domains\\hierarchy.tree\\artisan(37): Illuminate\\Foundation\\Console\\Kernel->handle(Object(Symfony\\Component\\Console\\Input\\ArgvInput), Object(Symfony\\Component\\Console\\Output\\ConsoleOutput))
#27 {main}
"} 
[2018-07-30 12:44:41] local.ERROR: SQLSTATE[42S01]: Base table or view already exists: 1050 Table 'employees' already exists (SQL: create table `employees` (`id` int unsigned not null auto_increment primary key, `surname` varchar(70) not null, `name` varchar(70) not null, `secondname` varchar(70) not null, `position_id` int unsigned not null, `date_start_work` date not null, `salary` double not null, `chef_id` int unsigned not null) default character set utf8mb4 collate 'utf8mb4_unicode_ci') {"exception":"[object] (Illuminate\\Database\\QueryException(code: 42S01): SQLSTATE[42S01]: Base table or view already exists: 1050 Table 'employees' already exists (SQL: create table `employees` (`id` int unsigned not null auto_increment primary key, `surname` varchar(70) not null, `name` varchar(70) not null, `secondname` varchar(70) not null, `position_id` int unsigned not null, `date_start_work` date not null, `salary` double not null, `chef_id` int unsigned not null) default character set utf8mb4 collate 'utf8mb4_unicode_ci') at D:\\OpenServer\\OSPanel\\domains\\hierarchy.tree\\vendor\\laravel\\framework\\src\\Illuminate\\Database\\Connection.php:664, PDOException(code: 42S01): SQLSTATE[42S01]: Base table or view already exists: 1050 Table 'employees' already exists at D:\\OpenServer\\OSPanel\\domains\\hierarchy.tree\\vendor\\laravel\\framework\\src\\Illuminate\\Database\\Connection.php:458)
[stacktrace]
#0 D:\\OpenServer\\OSPanel\\domains\\hierarchy.tree\\vendor\\laravel\\framework\\src\\Illuminate\\Database\\Connection.php(624): Illuminate\\Database\\Connection->runQueryCallback('create table `e...', Array, Object(Closure))
#1 D:\\OpenServer\\OSPanel\\domains\\hierarchy.tree\\vendor\\laravel\\framework\\src\\Illuminate\\Database\\Connection.php(459): Illuminate\\Database\\Connection->run('create table `e...', Array, Object(Closure))
#2 D:\\OpenServer\\OSPanel\\domains\\hierarchy.tree\\vendor\\laravel\\framework\\src\\Illuminate\\Database\\Schema\\Blueprint.php(88): Illuminate\\Database\\Connection->statement('create table `e...')
#3 D:\\OpenServer\\OSPanel\\domains\\hierarchy.tree\\vendor\\laravel\\framework\\src\\Illuminate\\Database\\Schema\\Builder.php(264): Illuminate\\Database\\Schema\\Blueprint->build(Object(Illuminate\\Database\\MySqlConnection), Object(Illuminate\\Database\\Schema\\Grammars\\MySqlGrammar))
#4 D:\\OpenServer\\OSPanel\\domains\\hierarchy.tree\\vendor\\laravel\\framework\\src\\Illuminate\\Database\\Schema\\Builder.php(165): Illuminate\\Database\\Schema\\Builder->build(Object(Illuminate\\Database\\Schema\\Blueprint))
#5 D:\\OpenServer\\OSPanel\\domains\\hierarchy.tree\\vendor\\laravel\\framework\\src\\Illuminate\\Support\\Facades\\Facade.php(223): Illuminate\\Database\\Schema\\Builder->create('employees', Object(Closure))
#6 D:\\OpenServer\\OSPanel\\domains\\hierarchy.tree\\database\\migrations\\2018_07_30_120217_create_employees_table.php(27): Illuminate\\Support\\Facades\\Facade::__callStatic('create', Array)
#7 D:\\OpenServer\\OSPanel\\domains\\hierarchy.tree\\vendor\\laravel\\framework\\src\\Illuminate\\Database\\Migrations\\Migrator.php(359): CreateEmployeesTable->up()
#8 D:\\OpenServer\\OSPanel\\domains\\hierarchy.tree\\vendor\\laravel\\framework\\src\\Illuminate\\Database\\Migrations\\Migrator.php(366): Illuminate\\Database\\Migrations\\Migrator->Illuminate\\Database\\Migrations\\{closure}()
#9 D:\\OpenServer\\OSPanel\\domains\\hierarchy.tree\\vendor\\laravel\\framework\\src\\Illuminate\\Database\\Migrations\\Migrator.php(177): Illuminate\\Database\\Migrations\\Migrator->runMigration(Object(CreateEmployeesTable), 'up')
#10 D:\\OpenServer\\OSPanel\\domains\\hierarchy.tree\\vendor\\laravel\\framework\\src\\Illuminate\\Database\\Migrations\\Migrator.php(146): Illuminate\\Database\\Migrations\\Migrator->runUp('D:\\\\OpenServer\\\\O...', 2, false)
#11 D:\\OpenServer\\OSPanel\\domains\\hierarchy.tree\\vendor\\laravel\\framework\\src\\Illuminate\\Database\\Migrations\\Migrator.php(95): Illuminate\\Database\\Migrations\\Migrator->runPending(Array, Array)
#12 D:\\OpenServer\\OSPanel\\domains\\hierarchy.tree\\vendor\\laravel\\framework\\src\\Illuminate\\Database\\Console\\Migrations\\MigrateCommand.php(70): Illuminate\\Database\\Migrations\\Migrator->run(Array, Array)
#13 [internal function]: Illuminate\\Database\\Console\\Migrations\\MigrateCommand->handle()
#14 D:\\OpenServer\\OSPanel\\domains\\hierarchy.tree\\vendor\\laravel\\framework\\src\\Illuminate\\Container\\BoundMethod.php(29): call_user_func_array(Array, Array)
#15 D:\\OpenServer\\OSPanel\\domains\\hierarchy.tree\\vendor\\laravel\\framework\\src\\Illuminate\\Container\\BoundMethod.php(87): Illuminate\\Container\\BoundMethod::Illuminate\\Container\\{closure}()
#16 D:\\OpenServer\\OSPanel\\domains\\hierarchy.tree\\vendor\\laravel\\framework\\src\\Illuminate\\Container\\BoundMethod.php(31): Illuminate\\Container\\BoundMethod::callBoundMethod(Object(Illuminate\\Foundation\\Application), Array, Object(Closure))
#17 D:\\OpenServer\\OSPanel\\domains\\hierarchy.tree\\vendor\\laravel\\framework\\src\\Illuminate\\Container\\Container.php(564): Illuminate\\Container\\BoundMethod::call(Object(Illuminate\\Foundation\\Application), Array, Array, NULL)
#18 D:\\OpenServer\\OSPanel\\domains\\hierarchy.tree\\vendor\\laravel\\framework\\src\\Illuminate\\Console\\Command.php(184): Illuminate\\Container\\Container->call(Array)
#19 D:\\OpenServer\\OSPanel\\domains\\hierarchy.tree\\vendor\\symfony\\console\\Command\\Command.php(251): Illuminate\\Console\\Command->execute(Object(Symfony\\Component\\Console\\Input\\ArgvInput), Object(Illuminate\\Console\\OutputStyle))
#20 D:\\OpenServer\\OSPanel\\domains\\hierarchy.tree\\vendor\\laravel\\framework\\src\\Illuminate\\Console\\Command.php(171): Symfony\\Component\\Console\\Command\\Command->run(Object(Symfony\\Component\\Console\\Input\\ArgvInput), Object(Illuminate\\Console\\OutputStyle))
#21 D:\\OpenServer\\OSPanel\\domains\\hierarchy.tree\\vendor\\symfony\\console\\Application.php(886): Illuminate\\Console\\Command->run(Object(Symfony\\Component\\Console\\Input\\ArgvInput), Object(Symfony\\Component\\Console\\Output\\ConsoleOutput))
#22 D:\\OpenServer\\OSPanel\\domains\\hierarchy.tree\\vendor\\symfony\\console\\Application.php(262): Symfony\\Component\\Console\\Application->doRunCommand(Object(Illuminate\\Database\\Console\\Migrations\\MigrateCommand), Object(Symfony\\Component\\Console\\Input\\ArgvInput), Object(Symfony\\Component\\Console\\Output\\ConsoleOutput))
#23 D:\\OpenServer\\OSPanel\\domains\\hierarchy.tree\\vendor\\symfony\\console\\Application.php(145): Symfony\\Component\\Console\\Application->doRun(Object(Symfony\\Component\\Console\\Input\\ArgvInput), Object(Symfony\\Component\\Console\\Output\\ConsoleOutput))
#24 D:\\OpenServer\\OSPanel\\domains\\hierarchy.tree\\vendor\\laravel\\framework\\src\\Illuminate\\Console\\Application.php(89): Symfony\\Component\\Console\\Application->run(Object(Symfony\\Component\\Console\\Input\\ArgvInput), Object(Symfony\\Component\\Console\\Output\\ConsoleOutput))
#25 D:\\OpenServer\\OSPanel\\domains\\hierarchy.tree\\vendor\\laravel\\framework\\src\\Illuminate\\Foundation\\Console\\Kernel.php(122): Illuminate\\Console\\Application->run(Object(Symfony\\Component\\Console\\Input\\ArgvInput), Object(Symfony\\Component\\Console\\Output\\ConsoleOutput))
#26 D:\\OpenServer\\OSPanel\\domains\\hierarchy.tree\\artisan(37): Illuminate\\Foundation\\Console\\Kernel->handle(Object(Symfony\\Component\\Console\\Input\\ArgvInput), Object(Symfony\\Component\\Console\\Output\\ConsoleOutput))
#27 {main}
"} 
[2018-07-30 12:46:33] local.ERROR: SQLSTATE[42S01]: Base table or view already exists: 1050 Table 'employees' already exists (SQL: create table `employees` (`id` int unsigned not null auto_increment primary key, `surname` varchar(70) not null, `name` varchar(70) not null, `secondname` varchar(70) not null, `position_id` int unsigned not null, `date_start_work` date not null, `salary` double not null, `chef_id` int unsigned not null) default character set utf8mb4 collate 'utf8mb4_unicode_ci') {"exception":"[object] (Illuminate\\Database\\QueryException(code: 42S01): SQLSTATE[42S01]: Base table or view already exists: 1050 Table 'employees' already exists (SQL: create table `employees` (`id` int unsigned not null auto_increment primary key, `surname` varchar(70) not null, `name` varchar(70) not null, `secondname` varchar(70) not null, `position_id` int unsigned not null, `date_start_work` date not null, `salary` double not null, `chef_id` int unsigned not null) default character set utf8mb4 collate 'utf8mb4_unicode_ci') at D:\\OpenServer\\OSPanel\\domains\\hierarchy.tree\\vendor\\laravel\\framework\\src\\Illuminate\\Database\\Connection.php:664, PDOException(code: 42S01): SQLSTATE[42S01]: Base table or view already exists: 1050 Table 'employees' already exists at D:\\OpenServer\\OSPanel\\domains\\hierarchy.tree\\vendor\\laravel\\framework\\src\\Illuminate\\Database\\Connection.php:458)
[stacktrace]
#0 D:\\OpenServer\\OSPanel\\domains\\hierarchy.tree\\vendor\\laravel\\framework\\src\\Illuminate\\Database\\Connection.php(624): Illuminate\\Database\\Connection->runQueryCallback('create table `e...', Array, Object(Closure))
#1 D:\\OpenServer\\OSPanel\\domains\\hierarchy.tree\\vendor\\laravel\\framework\\src\\Illuminate\\Database\\Connection.php(459): Illuminate\\Database\\Connection->run('create table `e...', Array, Object(Closure))
#2 D:\\OpenServer\\OSPanel\\domains\\hierarchy.tree\\vendor\\laravel\\framework\\src\\Illuminate\\Database\\Schema\\Blueprint.php(88): Illuminate\\Database\\Connection->statement('create table `e...')
#3 D:\\OpenServer\\OSPanel\\domains\\hierarchy.tree\\vendor\\laravel\\framework\\src\\Illuminate\\Database\\Schema\\Builder.php(264): Illuminate\\Database\\Schema\\Blueprint->build(Object(Illuminate\\Database\\MySqlConnection), Object(Illuminate\\Database\\Schema\\Grammars\\MySqlGrammar))
#4 D:\\OpenServer\\OSPanel\\domains\\hierarchy.tree\\vendor\\laravel\\framework\\src\\Illuminate\\Database\\Schema\\Builder.php(165): Illuminate\\Database\\Schema\\Builder->build(Object(Illuminate\\Database\\Schema\\Blueprint))
#5 D:\\OpenServer\\OSPanel\\domains\\hierarchy.tree\\vendor\\laravel\\framework\\src\\Illuminate\\Support\\Facades\\Facade.php(223): Illuminate\\Database\\Schema\\Builder->create('employees', Object(Closure))
#6 D:\\OpenServer\\OSPanel\\domains\\hierarchy.tree\\database\\migrations\\2018_07_30_120217_create_employees_table.php(27): Illuminate\\Support\\Facades\\Facade::__callStatic('create', Array)
#7 D:\\OpenServer\\OSPanel\\domains\\hierarchy.tree\\vendor\\laravel\\framework\\src\\Illuminate\\Database\\Migrations\\Migrator.php(359): CreateEmployeesTable->up()
#8 D:\\OpenServer\\OSPanel\\domains\\hierarchy.tree\\vendor\\laravel\\framework\\src\\Illuminate\\Database\\Migrations\\Migrator.php(366): Illuminate\\Database\\Migrations\\Migrator->Illuminate\\Database\\Migrations\\{closure}()
#9 D:\\OpenServer\\OSPanel\\domains\\hierarchy.tree\\vendor\\laravel\\framework\\src\\Illuminate\\Database\\Migrations\\Migrator.php(177): Illuminate\\Database\\Migrations\\Migrator->runMigration(Object(CreateEmployeesTable), 'up')
#10 D:\\OpenServer\\OSPanel\\domains\\hierarchy.tree\\vendor\\laravel\\framework\\src\\Illuminate\\Database\\Migrations\\Migrator.php(146): Illuminate\\Database\\Migrations\\Migrator->runUp('D:\\\\OpenServer\\\\O...', 2, false)
#11 D:\\OpenServer\\OSPanel\\domains\\hierarchy.tree\\vendor\\laravel\\framework\\src\\Illuminate\\Database\\Migrations\\Migrator.php(95): Illuminate\\Database\\Migrations\\Migrator->runPending(Array, Array)
#12 D:\\OpenServer\\OSPanel\\domains\\hierarchy.tree\\vendor\\laravel\\framework\\src\\Illuminate\\Database\\Console\\Migrations\\MigrateCommand.php(70): Illuminate\\Database\\Migrations\\Migrator->run(Array, Array)
#13 [internal function]: Illuminate\\Database\\Console\\Migrations\\MigrateCommand->handle()
#14 D:\\OpenServer\\OSPanel\\domains\\hierarchy.tree\\vendor\\laravel\\framework\\src\\Illuminate\\Container\\BoundMethod.php(29): call_user_func_array(Array, Array)
#15 D:\\OpenServer\\OSPanel\\domains\\hierarchy.tree\\vendor\\laravel\\framework\\src\\Illuminate\\Container\\BoundMethod.php(87): Illuminate\\Container\\BoundMethod::Illuminate\\Container\\{closure}()
#16 D:\\OpenServer\\OSPanel\\domains\\hierarchy.tree\\vendor\\laravel\\framework\\src\\Illuminate\\Container\\BoundMethod.php(31): Illuminate\\Container\\BoundMethod::callBoundMethod(Object(Illuminate\\Foundation\\Application), Array, Object(Closure))
#17 D:\\OpenServer\\OSPanel\\domains\\hierarchy.tree\\vendor\\laravel\\framework\\src\\Illuminate\\Container\\Container.php(564): Illuminate\\Container\\BoundMethod::call(Object(Illuminate\\Foundation\\Application), Array, Array, NULL)
#18 D:\\OpenServer\\OSPanel\\domains\\hierarchy.tree\\vendor\\laravel\\framework\\src\\Illuminate\\Console\\Command.php(184): Illuminate\\Container\\Container->call(Array)
#19 D:\\OpenServer\\OSPanel\\domains\\hierarchy.tree\\vendor\\symfony\\console\\Command\\Command.php(251): Illuminate\\Console\\Command->execute(Object(Symfony\\Component\\Console\\Input\\ArgvInput), Object(Illuminate\\Console\\OutputStyle))
#20 D:\\OpenServer\\OSPanel\\domains\\hierarchy.tree\\vendor\\laravel\\framework\\src\\Illuminate\\Console\\Command.php(171): Symfony\\Component\\Console\\Command\\Command->run(Object(Symfony\\Component\\Console\\Input\\ArgvInput), Object(Illuminate\\Console\\OutputStyle))
#21 D:\\OpenServer\\OSPanel\\domains\\hierarchy.tree\\vendor\\symfony\\console\\Application.php(886): Illuminate\\Console\\Command->run(Object(Symfony\\Component\\Console\\Input\\ArgvInput), Object(Symfony\\Component\\Console\\Output\\ConsoleOutput))
#22 D:\\OpenServer\\OSPanel\\domains\\hierarchy.tree\\vendor\\symfony\\console\\Application.php(262): Symfony\\Component\\Console\\Application->doRunCommand(Object(Illuminate\\Database\\Console\\Migrations\\MigrateCommand), Object(Symfony\\Component\\Console\\Input\\ArgvInput), Object(Symfony\\Component\\Console\\Output\\ConsoleOutput))
#23 D:\\OpenServer\\OSPanel\\domains\\hierarchy.tree\\vendor\\symfony\\console\\Application.php(145): Symfony\\Component\\Console\\Application->doRun(Object(Symfony\\Component\\Console\\Input\\ArgvInput), Object(Symfony\\Component\\Console\\Output\\ConsoleOutput))
#24 D:\\OpenServer\\OSPanel\\domains\\hierarchy.tree\\vendor\\laravel\\framework\\src\\Illuminate\\Console\\Application.php(89): Symfony\\Component\\Console\\Application->run(Object(Symfony\\Component\\Console\\Input\\ArgvInput), Object(Symfony\\Component\\Console\\Output\\ConsoleOutput))
#25 D:\\OpenServer\\OSPanel\\domains\\hierarchy.tree\\vendor\\laravel\\framework\\src\\Illuminate\\Foundation\\Console\\Kernel.php(122): Illuminate\\Console\\Application->run(Object(Symfony\\Component\\Console\\Input\\ArgvInput), Object(Symfony\\Component\\Console\\Output\\ConsoleOutput))
#26 D:\\OpenServer\\OSPanel\\domains\\hierarchy.tree\\artisan(37): Illuminate\\Foundation\\Console\\Kernel->handle(Object(Symfony\\Component\\Console\\Input\\ArgvInput), Object(Symfony\\Component\\Console\\Output\\ConsoleOutput))
#27 {main}
"} 
[2018-07-30 12:47:33] local.ERROR: The "-f" option does not exist. {"exception":"[object] (Symfony\\Component\\Console\\Exception\\RuntimeException(code: 0): The \"-f\" option does not exist. at D:\\OpenServer\\OSPanel\\domains\\hierarchy.tree\\vendor\\symfony\\console\\Input\\ArgvInput.php:124)
[stacktrace]
#0 D:\\OpenServer\\OSPanel\\domains\\hierarchy.tree\\vendor\\symfony\\console\\Input\\ArgvInput.php(105): Symfony\\Component\\Console\\Input\\ArgvInput->parseShortOptionSet('force')
#1 D:\\OpenServer\\OSPanel\\domains\\hierarchy.tree\\vendor\\symfony\\console\\Input\\ArgvInput.php(84): Symfony\\Component\\Console\\Input\\ArgvInput->parseShortOption('-force')
#2 D:\\OpenServer\\OSPanel\\domains\\hierarchy.tree\\vendor\\symfony\\console\\Input\\Input.php(55): Symfony\\Component\\Console\\Input\\ArgvInput->parse()
#3 D:\\OpenServer\\OSPanel\\domains\\hierarchy.tree\\vendor\\symfony\\console\\Command\\Command.php(210): Symfony\\Component\\Console\\Input\\Input->bind(Object(Symfony\\Component\\Console\\Input\\InputDefinition))
#4 D:\\OpenServer\\OSPanel\\domains\\hierarchy.tree\\vendor\\laravel\\framework\\src\\Illuminate\\Console\\Command.php(171): Symfony\\Component\\Console\\Command\\Command->run(Object(Symfony\\Component\\Console\\Input\\ArgvInput), Object(Illuminate\\Console\\OutputStyle))
#5 D:\\OpenServer\\OSPanel\\domains\\hierarchy.tree\\vendor\\symfony\\console\\Application.php(886): Illuminate\\Console\\Command->run(Object(Symfony\\Component\\Console\\Input\\ArgvInput), Object(Symfony\\Component\\Console\\Output\\ConsoleOutput))
#6 D:\\OpenServer\\OSPanel\\domains\\hierarchy.tree\\vendor\\symfony\\console\\Application.php(262): Symfony\\Component\\Console\\Application->doRunCommand(Object(Illuminate\\Database\\Console\\Migrations\\MigrateCommand), Object(Symfony\\Component\\Console\\Input\\ArgvInput), Object(Symfony\\Component\\Console\\Output\\ConsoleOutput))
#7 D:\\OpenServer\\OSPanel\\domains\\hierarchy.tree\\vendor\\symfony\\console\\Application.php(145): Symfony\\Component\\Console\\Application->doRun(Object(Symfony\\Component\\Console\\Input\\ArgvInput), Object(Symfony\\Component\\Console\\Output\\ConsoleOutput))
#8 D:\\OpenServer\\OSPanel\\domains\\hierarchy.tree\\vendor\\laravel\\framework\\src\\Illuminate\\Console\\Application.php(89): Symfony\\Component\\Console\\Application->run(Object(Symfony\\Component\\Console\\Input\\ArgvInput), Object(Symfony\\Component\\Console\\Output\\ConsoleOutput))
#9 D:\\OpenServer\\OSPanel\\domains\\hierarchy.tree\\vendor\\laravel\\framework\\src\\Illuminate\\Foundation\\Console\\Kernel.php(122): Illuminate\\Console\\Application->run(Object(Symfony\\Component\\Console\\Input\\ArgvInput), Object(Symfony\\Component\\Console\\Output\\ConsoleOutput))
#10 D:\\OpenServer\\OSPanel\\domains\\hierarchy.tree\\artisan(37): Illuminate\\Foundation\\Console\\Kernel->handle(Object(Symfony\\Component\\Console\\Input\\ArgvInput), Object(Symfony\\Component\\Console\\Output\\ConsoleOutput))
#11 {main}
"} 
[2018-07-30 12:47:39] local.ERROR: SQLSTATE[42S01]: Base table or view already exists: 1050 Table 'employees' already exists (SQL: create table `employees` (`id` int unsigned not null auto_increment primary key, `surname` varchar(70) not null, `name` varchar(70) not null, `secondname` varchar(70) not null, `position_id` int unsigned not null, `date_start_work` date not null, `salary` double not null, `chef_id` int unsigned not null) default character set utf8mb4 collate 'utf8mb4_unicode_ci') {"exception":"[object] (Illuminate\\Database\\QueryException(code: 42S01): SQLSTATE[42S01]: Base table or view already exists: 1050 Table 'employees' already exists (SQL: create table `employees` (`id` int unsigned not null auto_increment primary key, `surname` varchar(70) not null, `name` varchar(70) not null, `secondname` varchar(70) not null, `position_id` int unsigned not null, `date_start_work` date not null, `salary` double not null, `chef_id` int unsigned not null) default character set utf8mb4 collate 'utf8mb4_unicode_ci') at D:\\OpenServer\\OSPanel\\domains\\hierarchy.tree\\vendor\\laravel\\framework\\src\\Illuminate\\Database\\Connection.php:664, PDOException(code: 42S01): SQLSTATE[42S01]: Base table or view already exists: 1050 Table 'employees' already exists at D:\\OpenServer\\OSPanel\\domains\\hierarchy.tree\\vendor\\laravel\\framework\\src\\Illuminate\\Database\\Connection.php:458)
[stacktrace]
#0 D:\\OpenServer\\OSPanel\\domains\\hierarchy.tree\\vendor\\laravel\\framework\\src\\Illuminate\\Database\\Connection.php(624): Illuminate\\Database\\Connection->runQueryCallback('create table `e...', Array, Object(Closure))
#1 D:\\OpenServer\\OSPanel\\domains\\hierarchy.tree\\vendor\\laravel\\framework\\src\\Illuminate\\Database\\Connection.php(459): Illuminate\\Database\\Connection->run('create table `e...', Array, Object(Closure))
#2 D:\\OpenServer\\OSPanel\\domains\\hierarchy.tree\\vendor\\laravel\\framework\\src\\Illuminate\\Database\\Schema\\Blueprint.php(88): Illuminate\\Database\\Connection->statement('create table `e...')
#3 D:\\OpenServer\\OSPanel\\domains\\hierarchy.tree\\vendor\\laravel\\framework\\src\\Illuminate\\Database\\Schema\\Builder.php(264): Illuminate\\Database\\Schema\\Blueprint->build(Object(Illuminate\\Database\\MySqlConnection), Object(Illuminate\\Database\\Schema\\Grammars\\MySqlGrammar))
#4 D:\\OpenServer\\OSPanel\\domains\\hierarchy.tree\\vendor\\laravel\\framework\\src\\Illuminate\\Database\\Schema\\Builder.php(165): Illuminate\\Database\\Schema\\Builder->build(Object(Illuminate\\Database\\Schema\\Blueprint))
#5 D:\\OpenServer\\OSPanel\\domains\\hierarchy.tree\\vendor\\laravel\\framework\\src\\Illuminate\\Support\\Facades\\Facade.php(223): Illuminate\\Database\\Schema\\Builder->create('employees', Object(Closure))
#6 D:\\OpenServer\\OSPanel\\domains\\hierarchy.tree\\database\\migrations\\2018_07_30_120217_create_employees_table.php(27): Illuminate\\Support\\Facades\\Facade::__callStatic('create', Array)
#7 D:\\OpenServer\\OSPanel\\domains\\hierarchy.tree\\vendor\\laravel\\framework\\src\\Illuminate\\Database\\Migrations\\Migrator.php(359): CreateEmployeesTable->up()
#8 D:\\OpenServer\\OSPanel\\domains\\hierarchy.tree\\vendor\\laravel\\framework\\src\\Illuminate\\Database\\Migrations\\Migrator.php(366): Illuminate\\Database\\Migrations\\Migrator->Illuminate\\Database\\Migrations\\{closure}()
#9 D:\\OpenServer\\OSPanel\\domains\\hierarchy.tree\\vendor\\laravel\\framework\\src\\Illuminate\\Database\\Migrations\\Migrator.php(177): Illuminate\\Database\\Migrations\\Migrator->runMigration(Object(CreateEmployeesTable), 'up')
#10 D:\\OpenServer\\OSPanel\\domains\\hierarchy.tree\\vendor\\laravel\\framework\\src\\Illuminate\\Database\\Migrations\\Migrator.php(146): Illuminate\\Database\\Migrations\\Migrator->runUp('D:\\\\OpenServer\\\\O...', 2, false)
#11 D:\\OpenServer\\OSPanel\\domains\\hierarchy.tree\\vendor\\laravel\\framework\\src\\Illuminate\\Database\\Migrations\\Migrator.php(95): Illuminate\\Database\\Migrations\\Migrator->runPending(Array, Array)
#12 D:\\OpenServer\\OSPanel\\domains\\hierarchy.tree\\vendor\\laravel\\framework\\src\\Illuminate\\Database\\Console\\Migrations\\MigrateCommand.php(70): Illuminate\\Database\\Migrations\\Migrator->run(Array, Array)
#13 [internal function]: Illuminate\\Database\\Console\\Migrations\\MigrateCommand->handle()
#14 D:\\OpenServer\\OSPanel\\domains\\hierarchy.tree\\vendor\\laravel\\framework\\src\\Illuminate\\Container\\BoundMethod.php(29): call_user_func_array(Array, Array)
#15 D:\\OpenServer\\OSPanel\\domains\\hierarchy.tree\\vendor\\laravel\\framework\\src\\Illuminate\\Container\\BoundMethod.php(87): Illuminate\\Container\\BoundMethod::Illuminate\\Container\\{closure}()
#16 D:\\OpenServer\\OSPanel\\domains\\hierarchy.tree\\vendor\\laravel\\framework\\src\\Illuminate\\Container\\BoundMethod.php(31): Illuminate\\Container\\BoundMethod::callBoundMethod(Object(Illuminate\\Foundation\\Application), Array, Object(Closure))
#17 D:\\OpenServer\\OSPanel\\domains\\hierarchy.tree\\vendor\\laravel\\framework\\src\\Illuminate\\Container\\Container.php(564): Illuminate\\Container\\BoundMethod::call(Object(Illuminate\\Foundation\\Application), Array, Array, NULL)
#18 D:\\OpenServer\\OSPanel\\domains\\hierarchy.tree\\vendor\\laravel\\framework\\src\\Illuminate\\Console\\Command.php(184): Illuminate\\Container\\Container->call(Array)
#19 D:\\OpenServer\\OSPanel\\domains\\hierarchy.tree\\vendor\\symfony\\console\\Command\\Command.php(251): Illuminate\\Console\\Command->execute(Object(Symfony\\Component\\Console\\Input\\ArgvInput), Object(Illuminate\\Console\\OutputStyle))
#20 D:\\OpenServer\\OSPanel\\domains\\hierarchy.tree\\vendor\\laravel\\framework\\src\\Illuminate\\Console\\Command.php(171): Symfony\\Component\\Console\\Command\\Command->run(Object(Symfony\\Component\\Console\\Input\\ArgvInput), Object(Illuminate\\Console\\OutputStyle))
#21 D:\\OpenServer\\OSPanel\\domains\\hierarchy.tree\\vendor\\symfony\\console\\Application.php(886): Illuminate\\Console\\Command->run(Object(Symfony\\Component\\Console\\Input\\ArgvInput), Object(Symfony\\Component\\Console\\Output\\ConsoleOutput))
#22 D:\\OpenServer\\OSPanel\\domains\\hierarchy.tree\\vendor\\symfony\\console\\Application.php(262): Symfony\\Component\\Console\\Application->doRunCommand(Object(Illuminate\\Database\\Console\\Migrations\\MigrateCommand), Object(Symfony\\Component\\Console\\Input\\ArgvInput), Object(Symfony\\Component\\Console\\Output\\ConsoleOutput))
#23 D:\\OpenServer\\OSPanel\\domains\\hierarchy.tree\\vendor\\symfony\\console\\Application.php(145): Symfony\\Component\\Console\\Application->doRun(Object(Symfony\\Component\\Console\\Input\\ArgvInput), Object(Symfony\\Component\\Console\\Output\\ConsoleOutput))
#24 D:\\OpenServer\\OSPanel\\domains\\hierarchy.tree\\vendor\\laravel\\framework\\src\\Illuminate\\Console\\Application.php(89): Symfony\\Component\\Console\\Application->run(Object(Symfony\\Component\\Console\\Input\\ArgvInput), Object(Symfony\\Component\\Console\\Output\\ConsoleOutput))
#25 D:\\OpenServer\\OSPanel\\domains\\hierarchy.tree\\vendor\\laravel\\framework\\src\\Illuminate\\Foundation\\Console\\Kernel.php(122): Illuminate\\Console\\Application->run(Object(Symfony\\Component\\Console\\Input\\ArgvInput), Object(Symfony\\Component\\Console\\Output\\ConsoleOutput))
#26 D:\\OpenServer\\OSPanel\\domains\\hierarchy.tree\\artisan(37): Illuminate\\Foundation\\Console\\Kernel->handle(Object(Symfony\\Component\\Console\\Input\\ArgvInput), Object(Symfony\\Component\\Console\\Output\\ConsoleOutput))
#27 {main}
"} 
[2018-07-30 12:49:02] local.ERROR: SQLSTATE[HY000]: General error: 1215 Cannot add foreign key constraint (SQL: alter table `employees` add constraint `employees_position_id_foreign` foreign key (`position_id`) references `positions` (`id`)) {"exception":"[object] (Illuminate\\Database\\QueryException(code: HY000): SQLSTATE[HY000]: General error: 1215 Cannot add foreign key constraint (SQL: alter table `employees` add constraint `employees_position_id_foreign` foreign key (`position_id`) references `positions` (`id`)) at D:\\OpenServer\\OSPanel\\domains\\hierarchy.tree\\vendor\\laravel\\framework\\src\\Illuminate\\Database\\Connection.php:664, PDOException(code: HY000): SQLSTATE[HY000]: General error: 1215 Cannot add foreign key constraint at D:\\OpenServer\\OSPanel\\domains\\hierarchy.tree\\vendor\\laravel\\framework\\src\\Illuminate\\Database\\Connection.php:458)
[stacktrace]
#0 D:\\OpenServer\\OSPanel\\domains\\hierarchy.tree\\vendor\\laravel\\framework\\src\\Illuminate\\Database\\Connection.php(624): Illuminate\\Database\\Connection->runQueryCallback('alter table `em...', Array, Object(Closure))
#1 D:\\OpenServer\\OSPanel\\domains\\hierarchy.tree\\vendor\\laravel\\framework\\src\\Illuminate\\Database\\Connection.php(459): Illuminate\\Database\\Connection->run('alter table `em...', Array, Object(Closure))
#2 D:\\OpenServer\\OSPanel\\domains\\hierarchy.tree\\vendor\\laravel\\framework\\src\\Illuminate\\Database\\Schema\\Blueprint.php(88): Illuminate\\Database\\Connection->statement('alter table `em...')
#3 D:\\OpenServer\\OSPanel\\domains\\hierarchy.tree\\vendor\\laravel\\framework\\src\\Illuminate\\Database\\Schema\\Builder.php(264): Illuminate\\Database\\Schema\\Blueprint->build(Object(Illuminate\\Database\\MySqlConnection), Object(Illuminate\\Database\\Schema\\Grammars\\MySqlGrammar))
#4 D:\\OpenServer\\OSPanel\\domains\\hierarchy.tree\\vendor\\laravel\\framework\\src\\Illuminate\\Database\\Schema\\Builder.php(165): Illuminate\\Database\\Schema\\Builder->build(Object(Illuminate\\Database\\Schema\\Blueprint))
#5 D:\\OpenServer\\OSPanel\\domains\\hierarchy.tree\\vendor\\laravel\\framework\\src\\Illuminate\\Support\\Facades\\Facade.php(223): Illuminate\\Database\\Schema\\Builder->create('employees', Object(Closure))
#6 D:\\OpenServer\\OSPanel\\domains\\hierarchy.tree\\database\\migrations\\2018_07_30_120217_create_employees_table.php(27): Illuminate\\Support\\Facades\\Facade::__callStatic('create', Array)
#7 D:\\OpenServer\\OSPanel\\domains\\hierarchy.tree\\vendor\\laravel\\framework\\src\\Illuminate\\Database\\Migrations\\Migrator.php(359): CreateEmployeesTable->up()
#8 D:\\OpenServer\\OSPanel\\domains\\hierarchy.tree\\vendor\\laravel\\framework\\src\\Illuminate\\Database\\Migrations\\Migrator.php(366): Illuminate\\Database\\Migrations\\Migrator->Illuminate\\Database\\Migrations\\{closure}()
#9 D:\\OpenServer\\OSPanel\\domains\\hierarchy.tree\\vendor\\laravel\\framework\\src\\Illuminate\\Database\\Migrations\\Migrator.php(177): Illuminate\\Database\\Migrations\\Migrator->runMigration(Object(CreateEmployeesTable), 'up')
#10 D:\\OpenServer\\OSPanel\\domains\\hierarchy.tree\\vendor\\laravel\\framework\\src\\Illuminate\\Database\\Migrations\\Migrator.php(146): Illuminate\\Database\\Migrations\\Migrator->runUp('D:\\\\OpenServer\\\\O...', 2, false)
#11 D:\\OpenServer\\OSPanel\\domains\\hierarchy.tree\\vendor\\laravel\\framework\\src\\Illuminate\\Database\\Migrations\\Migrator.php(95): Illuminate\\Database\\Migrations\\Migrator->runPending(Array, Array)
#12 D:\\OpenServer\\OSPanel\\domains\\hierarchy.tree\\vendor\\laravel\\framework\\src\\Illuminate\\Database\\Console\\Migrations\\MigrateCommand.php(70): Illuminate\\Database\\Migrations\\Migrator->run(Array, Array)
#13 [internal function]: Illuminate\\Database\\Console\\Migrations\\MigrateCommand->handle()
#14 D:\\OpenServer\\OSPanel\\domains\\hierarchy.tree\\vendor\\laravel\\framework\\src\\Illuminate\\Container\\BoundMethod.php(29): call_user_func_array(Array, Array)
#15 D:\\OpenServer\\OSPanel\\domains\\hierarchy.tree\\vendor\\laravel\\framework\\src\\Illuminate\\Container\\BoundMethod.php(87): Illuminate\\Container\\BoundMethod::Illuminate\\Container\\{closure}()
#16 D:\\OpenServer\\OSPanel\\domains\\hierarchy.tree\\vendor\\laravel\\framework\\src\\Illuminate\\Container\\BoundMethod.php(31): Illuminate\\Container\\BoundMethod::callBoundMethod(Object(Illuminate\\Foundation\\Application), Array, Object(Closure))
#17 D:\\OpenServer\\OSPanel\\domains\\hierarchy.tree\\vendor\\laravel\\framework\\src\\Illuminate\\Container\\Container.php(564): Illuminate\\Container\\BoundMethod::call(Object(Illuminate\\Foundation\\Application), Array, Array, NULL)
#18 D:\\OpenServer\\OSPanel\\domains\\hierarchy.tree\\vendor\\laravel\\framework\\src\\Illuminate\\Console\\Command.php(184): Illuminate\\Container\\Container->call(Array)
#19 D:\\OpenServer\\OSPanel\\domains\\hierarchy.tree\\vendor\\symfony\\console\\Command\\Command.php(251): Illuminate\\Console\\Command->execute(Object(Symfony\\Component\\Console\\Input\\ArgvInput), Object(Illuminate\\Console\\OutputStyle))
#20 D:\\OpenServer\\OSPanel\\domains\\hierarchy.tree\\vendor\\laravel\\framework\\src\\Illuminate\\Console\\Command.php(171): Symfony\\Component\\Console\\Command\\Command->run(Object(Symfony\\Component\\Console\\Input\\ArgvInput), Object(Illuminate\\Console\\OutputStyle))
#21 D:\\OpenServer\\OSPanel\\domains\\hierarchy.tree\\vendor\\symfony\\console\\Application.php(886): Illuminate\\Console\\Command->run(Object(Symfony\\Component\\Console\\Input\\ArgvInput), Object(Symfony\\Component\\Console\\Output\\ConsoleOutput))
#22 D:\\OpenServer\\OSPanel\\domains\\hierarchy.tree\\vendor\\symfony\\console\\Application.php(262): Symfony\\Component\\Console\\Application->doRunCommand(Object(Illuminate\\Database\\Console\\Migrations\\MigrateCommand), Object(Symfony\\Component\\Console\\Input\\ArgvInput), Object(Symfony\\Component\\Console\\Output\\ConsoleOutput))
#23 D:\\OpenServer\\OSPanel\\domains\\hierarchy.tree\\vendor\\symfony\\console\\Application.php(145): Symfony\\Component\\Console\\Application->doRun(Object(Symfony\\Component\\Console\\Input\\ArgvInput), Object(Symfony\\Component\\Console\\Output\\ConsoleOutput))
#24 D:\\OpenServer\\OSPanel\\domains\\hierarchy.tree\\vendor\\laravel\\framework\\src\\Illuminate\\Console\\Application.php(89): Symfony\\Component\\Console\\Application->run(Object(Symfony\\Component\\Console\\Input\\ArgvInput), Object(Symfony\\Component\\Console\\Output\\ConsoleOutput))
#25 D:\\OpenServer\\OSPanel\\domains\\hierarchy.tree\\vendor\\laravel\\framework\\src\\Illuminate\\Foundation\\Console\\Kernel.php(122): Illuminate\\Console\\Application->run(Object(Symfony\\Component\\Console\\Input\\ArgvInput), Object(Symfony\\Component\\Console\\Output\\ConsoleOutput))
#26 D:\\OpenServer\\OSPanel\\domains\\hierarchy.tree\\artisan(37): Illuminate\\Foundation\\Console\\Kernel->handle(Object(Symfony\\Component\\Console\\Input\\ArgvInput), Object(Symfony\\Component\\Console\\Output\\ConsoleOutput))
#27 {main}
"} 
[2018-07-30 12:52:05] local.ERROR: SQLSTATE[42000]: Syntax error or access violation: 1072 Key column 'position_id' doesn't exist in table (SQL: alter table `employees` add constraint `employees_position_id_foreign` foreign key (`position_id`) references `positions` (`id`)) {"exception":"[object] (Illuminate\\Database\\QueryException(code: 42000): SQLSTATE[42000]: Syntax error or access violation: 1072 Key column 'position_id' doesn't exist in table (SQL: alter table `employees` add constraint `employees_position_id_foreign` foreign key (`position_id`) references `positions` (`id`)) at D:\\OpenServer\\OSPanel\\domains\\hierarchy.tree\\vendor\\laravel\\framework\\src\\Illuminate\\Database\\Connection.php:664, PDOException(code: 42000): SQLSTATE[42000]: Syntax error or access violation: 1072 Key column 'position_id' doesn't exist in table at D:\\OpenServer\\OSPanel\\domains\\hierarchy.tree\\vendor\\laravel\\framework\\src\\Illuminate\\Database\\Connection.php:458)
[stacktrace]
#0 D:\\OpenServer\\OSPanel\\domains\\hierarchy.tree\\vendor\\laravel\\framework\\src\\Illuminate\\Database\\Connection.php(624): Illuminate\\Database\\Connection->runQueryCallback('alter table `em...', Array, Object(Closure))
#1 D:\\OpenServer\\OSPanel\\domains\\hierarchy.tree\\vendor\\laravel\\framework\\src\\Illuminate\\Database\\Connection.php(459): Illuminate\\Database\\Connection->run('alter table `em...', Array, Object(Closure))
#2 D:\\OpenServer\\OSPanel\\domains\\hierarchy.tree\\vendor\\laravel\\framework\\src\\Illuminate\\Database\\Schema\\Blueprint.php(88): Illuminate\\Database\\Connection->statement('alter table `em...')
#3 D:\\OpenServer\\OSPanel\\domains\\hierarchy.tree\\vendor\\laravel\\framework\\src\\Illuminate\\Database\\Schema\\Builder.php(264): Illuminate\\Database\\Schema\\Blueprint->build(Object(Illuminate\\Database\\MySqlConnection), Object(Illuminate\\Database\\Schema\\Grammars\\MySqlGrammar))
#4 D:\\OpenServer\\OSPanel\\domains\\hierarchy.tree\\vendor\\laravel\\framework\\src\\Illuminate\\Database\\Schema\\Builder.php(165): Illuminate\\Database\\Schema\\Builder->build(Object(Illuminate\\Database\\Schema\\Blueprint))
#5 D:\\OpenServer\\OSPanel\\domains\\hierarchy.tree\\vendor\\laravel\\framework\\src\\Illuminate\\Support\\Facades\\Facade.php(223): Illuminate\\Database\\Schema\\Builder->create('employees', Object(Closure))
#6 D:\\OpenServer\\OSPanel\\domains\\hierarchy.tree\\database\\migrations\\2018_07_30_120217_create_employees_table.php(27): Illuminate\\Support\\Facades\\Facade::__callStatic('create', Array)
#7 D:\\OpenServer\\OSPanel\\domains\\hierarchy.tree\\vendor\\laravel\\framework\\src\\Illuminate\\Database\\Migrations\\Migrator.php(359): CreateEmployeesTable->up()
#8 D:\\OpenServer\\OSPanel\\domains\\hierarchy.tree\\vendor\\laravel\\framework\\src\\Illuminate\\Database\\Migrations\\Migrator.php(366): Illuminate\\Database\\Migrations\\Migrator->Illuminate\\Database\\Migrations\\{closure}()
#9 D:\\OpenServer\\OSPanel\\domains\\hierarchy.tree\\vendor\\laravel\\framework\\src\\Illuminate\\Database\\Migrations\\Migrator.php(177): Illuminate\\Database\\Migrations\\Migrator->runMigration(Object(CreateEmployeesTable), 'up')
#10 D:\\OpenServer\\OSPanel\\domains\\hierarchy.tree\\vendor\\laravel\\framework\\src\\Illuminate\\Database\\Migrations\\Migrator.php(146): Illuminate\\Database\\Migrations\\Migrator->runUp('D:\\\\OpenServer\\\\O...', 3, false)
#11 D:\\OpenServer\\OSPanel\\domains\\hierarchy.tree\\vendor\\laravel\\framework\\src\\Illuminate\\Database\\Migrations\\Migrator.php(95): Illuminate\\Database\\Migrations\\Migrator->runPending(Array, Array)
#12 D:\\OpenServer\\OSPanel\\domains\\hierarchy.tree\\vendor\\laravel\\framework\\src\\Illuminate\\Database\\Console\\Migrations\\MigrateCommand.php(70): Illuminate\\Database\\Migrations\\Migrator->run(Array, Array)
#13 [internal function]: Illuminate\\Database\\Console\\Migrations\\MigrateCommand->handle()
#14 D:\\OpenServer\\OSPanel\\domains\\hierarchy.tree\\vendor\\laravel\\framework\\src\\Illuminate\\Container\\BoundMethod.php(29): call_user_func_array(Array, Array)
#15 D:\\OpenServer\\OSPanel\\domains\\hierarchy.tree\\vendor\\laravel\\framework\\src\\Illuminate\\Container\\BoundMethod.php(87): Illuminate\\Container\\BoundMethod::Illuminate\\Container\\{closure}()
#16 D:\\OpenServer\\OSPanel\\domains\\hierarchy.tree\\vendor\\laravel\\framework\\src\\Illuminate\\Container\\BoundMethod.php(31): Illuminate\\Container\\BoundMethod::callBoundMethod(Object(Illuminate\\Foundation\\Application), Array, Object(Closure))
#17 D:\\OpenServer\\OSPanel\\domains\\hierarchy.tree\\vendor\\laravel\\framework\\src\\Illuminate\\Container\\Container.php(564): Illuminate\\Container\\BoundMethod::call(Object(Illuminate\\Foundation\\Application), Array, Array, NULL)
#18 D:\\OpenServer\\OSPanel\\domains\\hierarchy.tree\\vendor\\laravel\\framework\\src\\Illuminate\\Console\\Command.php(184): Illuminate\\Container\\Container->call(Array)
#19 D:\\OpenServer\\OSPanel\\domains\\hierarchy.tree\\vendor\\symfony\\console\\Command\\Command.php(251): Illuminate\\Console\\Command->execute(Object(Symfony\\Component\\Console\\Input\\ArgvInput), Object(Illuminate\\Console\\OutputStyle))
#20 D:\\OpenServer\\OSPanel\\domains\\hierarchy.tree\\vendor\\laravel\\framework\\src\\Illuminate\\Console\\Command.php(171): Symfony\\Component\\Console\\Command\\Command->run(Object(Symfony\\Component\\Console\\Input\\ArgvInput), Object(Illuminate\\Console\\OutputStyle))
#21 D:\\OpenServer\\OSPanel\\domains\\hierarchy.tree\\vendor\\symfony\\console\\Application.php(886): Illuminate\\Console\\Command->run(Object(Symfony\\Component\\Console\\Input\\ArgvInput), Object(Symfony\\Component\\Console\\Output\\ConsoleOutput))
#22 D:\\OpenServer\\OSPanel\\domains\\hierarchy.tree\\vendor\\symfony\\console\\Application.php(262): Symfony\\Component\\Console\\Application->doRunCommand(Object(Illuminate\\Database\\Console\\Migrations\\MigrateCommand), Object(Symfony\\Component\\Console\\Input\\ArgvInput), Object(Symfony\\Component\\Console\\Output\\ConsoleOutput))
#23 D:\\OpenServer\\OSPanel\\domains\\hierarchy.tree\\vendor\\symfony\\console\\Application.php(145): Symfony\\Component\\Console\\Application->doRun(Object(Symfony\\Component\\Console\\Input\\ArgvInput), Object(Symfony\\Component\\Console\\Output\\ConsoleOutput))
#24 D:\\OpenServer\\OSPanel\\domains\\hierarchy.tree\\vendor\\laravel\\framework\\src\\Illuminate\\Console\\Application.php(89): Symfony\\Component\\Console\\Application->run(Object(Symfony\\Component\\Console\\Input\\ArgvInput), Object(Symfony\\Component\\Console\\Output\\ConsoleOutput))
#25 D:\\OpenServer\\OSPanel\\domains\\hierarchy.tree\\vendor\\laravel\\framework\\src\\Illuminate\\Foundation\\Console\\Kernel.php(122): Illuminate\\Console\\Application->run(Object(Symfony\\Component\\Console\\Input\\ArgvInput), Object(Symfony\\Component\\Console\\Output\\ConsoleOutput))
#26 D:\\OpenServer\\OSPanel\\domains\\hierarchy.tree\\artisan(37): Illuminate\\Foundation\\Console\\Kernel->handle(Object(Symfony\\Component\\Console\\Input\\ArgvInput), Object(Symfony\\Component\\Console\\Output\\ConsoleOutput))
#27 {main}
"} 
